<?xml version="1.0" encoding="UTF-8"?>
<testng-results ignored="0" total="8" passed="7" failed="1" skipped="0">
  <reporter-output>
  </reporter-output>
  <suite started-at="2023-12-02T11:00:37 IST" name="Default suite" finished-at="2023-12-02T11:01:44 IST" duration-ms="66893">
    <groups>
    </groups>
    <test started-at="2023-12-02T11:00:37 IST" name="Default test" finished-at="2023-12-02T11:01:44 IST" duration-ms="66893">
      <class name="qualiwebautopro.Loginscript">
        <test-method is-config="true" signature="InitExentReport()[pri:0, instance:qualiwebautopro.Loginscript@3ce1e309]" started-at="2023-12-02T11:00:37 IST" name="InitExentReport" finished-at="2023-12-02T11:00:37 IST" duration-ms="334" status="PASS">
          <reporter-output>
          </reporter-output>
        </test-method> <!-- InitExentReport -->
        <test-method is-config="true" signature="getnameMethod(org.testng.ITestContext)[pri:0, instance:qualiwebautopro.Loginscript@3ce1e309]" started-at="2023-12-02T11:00:37 IST" name="getnameMethod" finished-at="2023-12-02T11:00:37 IST" duration-ms="10" status="PASS">
          <params>
            <param index="0">
              <value>
                <![CDATA[org.testng.TestRunner@1d2d8846]]>
              </value>
            </param>
          </params>
          <reporter-output>
          </reporter-output>
        </test-method> <!-- getnameMethod -->
        <test-method is-config="true" signature="setUp()[pri:0, instance:qualiwebautopro.Loginscript@3ce1e309]" started-at="2023-12-02T11:00:38 IST" name="setUp" finished-at="2023-12-02T11:00:46 IST" duration-ms="8254" status="PASS">
          <reporter-output>
          </reporter-output>
        </test-method> <!-- setUp -->
        <test-method signature="verifywithvadlidcredetials(java.lang.String,java.lang.String)[pri:1, instance:qualiwebautopro.Loginscript@3ce1e309]" started-at="2023-12-02T11:00:46 IST" name="verifywithvadlidcredetials" data-provider="Logintestdata" finished-at="2023-12-02T11:00:47 IST" duration-ms="1131" status="PASS">
          <params>
            <param index="0">
              <value>
                <![CDATA[chaithraquali@gmail.com]]>
              </value>
            </param>
            <param index="1">
              <value>
                <![CDATA[1234]]>
              </value>
            </param>
          </params>
          <reporter-output>
          </reporter-output>
        </test-method> <!-- verifywithvadlidcredetials -->
        <test-method is-config="true" signature="Teardown()[pri:0, instance:qualiwebautopro.Loginscript@3ce1e309]" started-at="2023-12-02T11:00:47 IST" name="Teardown" finished-at="2023-12-02T11:00:48 IST" duration-ms="260" status="PASS">
          <reporter-output>
          </reporter-output>
        </test-method> <!-- Teardown -->
        <test-method is-config="true" signature="generateStatus(java.lang.reflect.Method,org.testng.ITestResult)[pri:0, instance:qualiwebautopro.Loginscript@3ce1e309]" started-at="2023-12-02T11:00:48 IST" name="generateStatus" finished-at="2023-12-02T11:00:48 IST" duration-ms="6" status="PASS">
          <params>
            <param index="0">
              <value>
                <![CDATA[public void qualiwebautopro.Loginscript.verifywithvadlidcredetials(java.lang.String,java.lang.String)]]>
              </value>
            </param>
            <param index="1">
              <value>
                <![CDATA[[TestResult name=verifywithvadlidcredetials status=SUCCESS method=Loginscript.verifywithvadlidcredetials(java.lang.String,java.lang.String)[pri:1, instance:qualiwebautopro.Loginscript@3ce1e309] output={null}]]]>
              </value>
            </param>
          </params>
          <reporter-output>
          </reporter-output>
        </test-method> <!-- generateStatus -->
        <test-method is-config="true" signature="setUp()[pri:0, instance:qualiwebautopro.Loginscript@3ce1e309]" started-at="2023-12-02T11:00:48 IST" name="setUp" finished-at="2023-12-02T11:00:53 IST" duration-ms="5442" status="PASS">
          <reporter-output>
          </reporter-output>
        </test-method> <!-- setUp -->
        <test-method signature="verifywithvadlidcredetials(java.lang.String,java.lang.String)[pri:1, instance:qualiwebautopro.Loginscript@3ce1e309]" started-at="2023-12-02T11:00:53 IST" name="verifywithvadlidcredetials" data-provider="Logintestdata" finished-at="2023-12-02T11:00:54 IST" duration-ms="1000" status="PASS">
          <params>
            <param index="0">
              <value>
                <![CDATA[chaithrademo@gmail.com]]>
              </value>
            </param>
            <param index="1">
              <value>
                <![CDATA[1234]]>
              </value>
            </param>
          </params>
          <reporter-output>
          </reporter-output>
        </test-method> <!-- verifywithvadlidcredetials -->
        <test-method is-config="true" signature="Teardown()[pri:0, instance:qualiwebautopro.Loginscript@3ce1e309]" started-at="2023-12-02T11:00:54 IST" name="Teardown" finished-at="2023-12-02T11:00:54 IST" duration-ms="173" status="PASS">
          <reporter-output>
          </reporter-output>
        </test-method> <!-- Teardown -->
        <test-method is-config="true" signature="generateStatus(java.lang.reflect.Method,org.testng.ITestResult)[pri:0, instance:qualiwebautopro.Loginscript@3ce1e309]" started-at="2023-12-02T11:00:54 IST" name="generateStatus" finished-at="2023-12-02T11:00:54 IST" duration-ms="1" status="PASS">
          <params>
            <param index="0">
              <value>
                <![CDATA[public void qualiwebautopro.Loginscript.verifywithvadlidcredetials(java.lang.String,java.lang.String)]]>
              </value>
            </param>
            <param index="1">
              <value>
                <![CDATA[[TestResult name=verifywithvadlidcredetials status=SUCCESS method=Loginscript.verifywithvadlidcredetials(java.lang.String,java.lang.String)[pri:1, instance:qualiwebautopro.Loginscript@3ce1e309] output={null}]]]>
              </value>
            </param>
          </params>
          <reporter-output>
          </reporter-output>
        </test-method> <!-- generateStatus -->
        <test-method is-config="true" signature="setUp()[pri:0, instance:qualiwebautopro.Loginscript@3ce1e309]" started-at="2023-12-02T11:00:54 IST" name="setUp" finished-at="2023-12-02T11:00:59 IST" duration-ms="5033" status="PASS">
          <reporter-output>
          </reporter-output>
        </test-method> <!-- setUp -->
        <test-method signature="Loginwithinvalidcredentials()[pri:2, instance:qualiwebautopro.Loginscript@3ce1e309]" started-at="2023-12-02T11:00:59 IST" name="Loginwithinvalidcredentials" finished-at="2023-12-02T11:01:00 IST" duration-ms="747" status="PASS">
          <reporter-output>
          </reporter-output>
        </test-method> <!-- Loginwithinvalidcredentials -->
        <test-method is-config="true" signature="Teardown()[pri:0, instance:qualiwebautopro.Loginscript@3ce1e309]" started-at="2023-12-02T11:01:00 IST" name="Teardown" finished-at="2023-12-02T11:01:00 IST" duration-ms="205" status="PASS">
          <reporter-output>
          </reporter-output>
        </test-method> <!-- Teardown -->
        <test-method is-config="true" signature="generateStatus(java.lang.reflect.Method,org.testng.ITestResult)[pri:0, instance:qualiwebautopro.Loginscript@3ce1e309]" started-at="2023-12-02T11:01:00 IST" name="generateStatus" finished-at="2023-12-02T11:01:00 IST" duration-ms="1" status="PASS">
          <params>
            <param index="0">
              <value>
                <![CDATA[public void qualiwebautopro.Loginscript.Loginwithinvalidcredentials()]]>
              </value>
            </param>
            <param index="1">
              <value>
                <![CDATA[[TestResult name=Loginwithinvalidcredentials status=SUCCESS method=Loginscript.Loginwithinvalidcredentials()[pri:2, instance:qualiwebautopro.Loginscript@3ce1e309] output={null}]]]>
              </value>
            </param>
          </params>
          <reporter-output>
          </reporter-output>
        </test-method> <!-- generateStatus -->
        <test-method is-config="true" signature="setUp()[pri:0, instance:qualiwebautopro.Loginscript@3ce1e309]" started-at="2023-12-02T11:01:00 IST" name="setUp" finished-at="2023-12-02T11:01:05 IST" duration-ms="5257" status="PASS">
          <reporter-output>
          </reporter-output>
        </test-method> <!-- setUp -->
        <test-method signature="LoginwithinvalidEmail()[pri:3, instance:qualiwebautopro.Loginscript@3ce1e309]" started-at="2023-12-02T11:01:05 IST" name="LoginwithinvalidEmail" finished-at="2023-12-02T11:01:06 IST" duration-ms="800" status="PASS">
          <reporter-output>
          </reporter-output>
        </test-method> <!-- LoginwithinvalidEmail -->
        <test-method is-config="true" signature="Teardown()[pri:0, instance:qualiwebautopro.Loginscript@3ce1e309]" started-at="2023-12-02T11:01:06 IST" name="Teardown" finished-at="2023-12-02T11:01:06 IST" duration-ms="192" status="PASS">
          <reporter-output>
          </reporter-output>
        </test-method> <!-- Teardown -->
        <test-method is-config="true" signature="generateStatus(java.lang.reflect.Method,org.testng.ITestResult)[pri:0, instance:qualiwebautopro.Loginscript@3ce1e309]" started-at="2023-12-02T11:01:06 IST" name="generateStatus" finished-at="2023-12-02T11:01:06 IST" duration-ms="1" status="PASS">
          <params>
            <param index="0">
              <value>
                <![CDATA[public void qualiwebautopro.Loginscript.LoginwithinvalidEmail() throws java.lang.InterruptedException]]>
              </value>
            </param>
            <param index="1">
              <value>
                <![CDATA[[TestResult name=LoginwithinvalidEmail status=SUCCESS method=Loginscript.LoginwithinvalidEmail()[pri:3, instance:qualiwebautopro.Loginscript@3ce1e309] output={null}]]]>
              </value>
            </param>
          </params>
          <reporter-output>
          </reporter-output>
        </test-method> <!-- generateStatus -->
        <test-method is-config="true" signature="setUp()[pri:0, instance:qualiwebautopro.Loginscript@3ce1e309]" started-at="2023-12-02T11:01:06 IST" name="setUp" finished-at="2023-12-02T11:01:12 IST" duration-ms="5376" status="PASS">
          <reporter-output>
          </reporter-output>
        </test-method> <!-- setUp -->
        <test-method signature="LoginwithinvalidPassword()[pri:4, instance:qualiwebautopro.Loginscript@3ce1e309]" started-at="2023-12-02T11:01:12 IST" name="LoginwithinvalidPassword" finished-at="2023-12-02T11:01:13 IST" duration-ms="733" status="PASS">
          <reporter-output>
          </reporter-output>
        </test-method> <!-- LoginwithinvalidPassword -->
        <test-method is-config="true" signature="Teardown()[pri:0, instance:qualiwebautopro.Loginscript@3ce1e309]" started-at="2023-12-02T11:01:13 IST" name="Teardown" finished-at="2023-12-02T11:01:13 IST" duration-ms="191" status="PASS">
          <reporter-output>
          </reporter-output>
        </test-method> <!-- Teardown -->
        <test-method is-config="true" signature="generateStatus(java.lang.reflect.Method,org.testng.ITestResult)[pri:0, instance:qualiwebautopro.Loginscript@3ce1e309]" started-at="2023-12-02T11:01:13 IST" name="generateStatus" finished-at="2023-12-02T11:01:13 IST" duration-ms="1" status="PASS">
          <params>
            <param index="0">
              <value>
                <![CDATA[public void qualiwebautopro.Loginscript.LoginwithinvalidPassword()]]>
              </value>
            </param>
            <param index="1">
              <value>
                <![CDATA[[TestResult name=LoginwithinvalidPassword status=SUCCESS method=Loginscript.LoginwithinvalidPassword()[pri:4, instance:qualiwebautopro.Loginscript@3ce1e309] output={null}]]]>
              </value>
            </param>
          </params>
          <reporter-output>
          </reporter-output>
        </test-method> <!-- generateStatus -->
        <test-method is-config="true" signature="setUp()[pri:0, instance:qualiwebautopro.Loginscript@3ce1e309]" started-at="2023-12-02T11:01:13 IST" name="setUp" finished-at="2023-12-02T11:01:18 IST" duration-ms="5428" status="PASS">
          <reporter-output>
          </reporter-output>
        </test-method> <!-- setUp -->
        <test-method signature="verifyloginwithnullfields()[pri:5, instance:qualiwebautopro.Loginscript@3ce1e309]" started-at="2023-12-02T11:01:18 IST" name="verifyloginwithnullfields" finished-at="2023-12-02T11:01:19 IST" duration-ms="489" status="PASS">
          <reporter-output>
          </reporter-output>
        </test-method> <!-- verifyloginwithnullfields -->
        <test-method is-config="true" signature="Teardown()[pri:0, instance:qualiwebautopro.Loginscript@3ce1e309]" started-at="2023-12-02T11:01:19 IST" name="Teardown" finished-at="2023-12-02T11:01:19 IST" duration-ms="175" status="PASS">
          <reporter-output>
          </reporter-output>
        </test-method> <!-- Teardown -->
        <test-method is-config="true" signature="generateStatus(java.lang.reflect.Method,org.testng.ITestResult)[pri:0, instance:qualiwebautopro.Loginscript@3ce1e309]" started-at="2023-12-02T11:01:19 IST" name="generateStatus" finished-at="2023-12-02T11:01:19 IST" duration-ms="0" status="PASS">
          <params>
            <param index="0">
              <value>
                <![CDATA[public void qualiwebautopro.Loginscript.verifyloginwithnullfields()]]>
              </value>
            </param>
            <param index="1">
              <value>
                <![CDATA[[TestResult name=verifyloginwithnullfields status=SUCCESS method=Loginscript.verifyloginwithnullfields()[pri:5, instance:qualiwebautopro.Loginscript@3ce1e309] output={null}]]]>
              </value>
            </param>
          </params>
          <reporter-output>
          </reporter-output>
        </test-method> <!-- generateStatus -->
        <test-method is-config="true" signature="setUp()[pri:0, instance:qualiwebautopro.Loginscript@3ce1e309]" started-at="2023-12-02T11:01:19 IST" name="setUp" finished-at="2023-12-02T11:01:24 IST" duration-ms="5288" status="PASS">
          <reporter-output>
          </reporter-output>
        </test-method> <!-- setUp -->
        <test-method signature="ChangeYourPassword()[pri:6, instance:qualiwebautopro.Loginscript@3ce1e309]" started-at="2023-12-02T11:01:24 IST" name="ChangeYourPassword" finished-at="2023-12-02T11:01:35 IST" duration-ms="10704" status="FAIL">
          <exception class="org.openqa.selenium.NoSuchElementException">
            <message>
              <![CDATA[no such element: Unable to locate element: {"method":"link text","selector":"Change your password"}
  (Session info: chrome=119.0.6045.199)
For documentation on this error, please visit: https://www.selenium.dev/documentation/webdriver/troubleshooting/errors#no-such-element-exception
Build info: version: '4.13.0', revision: 'ba948ece5b*'
System info: os.name: 'Mac OS X', os.arch: 'x86_64', os.version: '13.6', java.version: '19.0.1'
Driver info: org.openqa.selenium.chrome.ChromeDriver
Command: [e948b287cb596a5de5d16d06ea56bde8, findElement {using=link text, value=Change your password}]
Capabilities {acceptInsecureCerts: false, browserName: chrome, browserVersion: 119.0.6045.199, chrome: {chromedriverVersion: 119.0.6045.105 (38c72552c5e..., userDataDir: /var/folders/2v/bplnm0q90w5...}, fedcm:accounts: true, goog:chromeOptions: {debuggerAddress: localhost:56855}, networkConnectionEnabled: false, pageLoadStrategy: normal, platformName: mac, proxy: Proxy(), se:cdp: ws://localhost:56855/devtoo..., se:cdpVersion: 119.0.6045.199, setWindowRect: true, strictFileInteractability: false, timeouts: {implicit: 0, pageLoad: 300000, script: 30000}, unhandledPromptBehavior: dismiss and notify, webauthn:extension:credBlob: true, webauthn:extension:largeBlob: true, webauthn:extension:minPinLength: true, webauthn:extension:prf: true, webauthn:virtualAuthenticators: true}
Session ID: e948b287cb596a5de5d16d06ea56bde8]]>
            </message>
            <full-stacktrace>
              <![CDATA[org.openqa.selenium.NoSuchElementException: no such element: Unable to locate element: {"method":"link text","selector":"Change your password"}
  (Session info: chrome=119.0.6045.199)
For documentation on this error, please visit: https://www.selenium.dev/documentation/webdriver/troubleshooting/errors#no-such-element-exception
Build info: version: '4.13.0', revision: 'ba948ece5b*'
System info: os.name: 'Mac OS X', os.arch: 'x86_64', os.version: '13.6', java.version: '19.0.1'
Driver info: org.openqa.selenium.chrome.ChromeDriver
Command: [e948b287cb596a5de5d16d06ea56bde8, findElement {using=link text, value=Change your password}]
Capabilities {acceptInsecureCerts: false, browserName: chrome, browserVersion: 119.0.6045.199, chrome: {chromedriverVersion: 119.0.6045.105 (38c72552c5e..., userDataDir: /var/folders/2v/bplnm0q90w5...}, fedcm:accounts: true, goog:chromeOptions: {debuggerAddress: localhost:56855}, networkConnectionEnabled: false, pageLoadStrategy: normal, platformName: mac, proxy: Proxy(), se:cdp: ws://localhost:56855/devtoo..., se:cdpVersion: 119.0.6045.199, setWindowRect: true, strictFileInteractability: false, timeouts: {implicit: 0, pageLoad: 300000, script: 30000}, unhandledPromptBehavior: dismiss and notify, webauthn:extension:credBlob: true, webauthn:extension:largeBlob: true, webauthn:extension:minPinLength: true, webauthn:extension:prf: true, webauthn:virtualAuthenticators: true}
Session ID: e948b287cb596a5de5d16d06ea56bde8
at java.base/jdk.internal.reflect.DirectConstructorHandleAccessor.newInstance(DirectConstructorHandleAccessor.java:67)
at java.base/java.lang.reflect.Constructor.newInstanceWithCaller(Constructor.java:500)
at java.base/java.lang.reflect.Constructor.newInstance(Constructor.java:484)
at org.openqa.selenium.remote.codec.w3c.W3CHttpResponseCodec.createException(W3CHttpResponseCodec.java:200)
at org.openqa.selenium.remote.codec.w3c.W3CHttpResponseCodec.decode(W3CHttpResponseCodec.java:133)
at org.openqa.selenium.remote.codec.w3c.W3CHttpResponseCodec.decode(W3CHttpResponseCodec.java:52)
at org.openqa.selenium.remote.HttpCommandExecutor.execute(HttpCommandExecutor.java:191)
at org.openqa.selenium.remote.service.DriverCommandExecutor.invokeExecute(DriverCommandExecutor.java:196)
at org.openqa.selenium.remote.service.DriverCommandExecutor.execute(DriverCommandExecutor.java:171)
at org.openqa.selenium.remote.RemoteWebDriver.execute(RemoteWebDriver.java:602)
at org.openqa.selenium.remote.ElementLocation$ElementFinder$2.findElement(ElementLocation.java:165)
at org.openqa.selenium.remote.ElementLocation.findElement(ElementLocation.java:59)
at org.openqa.selenium.remote.RemoteWebDriver.findElement(RemoteWebDriver.java:359)
at org.openqa.selenium.remote.RemoteWebDriver.findElement(RemoteWebDriver.java:353)
at org.openqa.selenium.support.pagefactory.DefaultElementLocator.findElement(DefaultElementLocator.java:68)
at org.openqa.selenium.support.pagefactory.internal.LocatingElementHandler.invoke(LocatingElementHandler.java:38)
at jdk.proxy2/jdk.proxy2.$Proxy21.click(Unknown Source)
at qualiautopro.qa.pages.Loginpagelocators.ChangeYourPassword(Loginpagelocators.java:99)
at qualiwebautopro.Loginscript.ChangeYourPassword(Loginscript.java:160)
at java.base/jdk.internal.reflect.DirectMethodHandleAccessor.invoke(DirectMethodHandleAccessor.java:104)
at java.base/java.lang.reflect.Method.invoke(Method.java:578)
at org.testng.internal.invokers.MethodInvocationHelper.invokeMethod(MethodInvocationHelper.java:139)
at org.testng.internal.invokers.TestInvoker.invokeMethod(TestInvoker.java:664)
at org.testng.internal.invokers.TestInvoker.invokeTestMethod(TestInvoker.java:227)
at org.testng.internal.invokers.MethodRunner.runInSequence(MethodRunner.java:50)
at org.testng.internal.invokers.TestInvoker$MethodInvocationAgent.invoke(TestInvoker.java:957)
at org.testng.internal.invokers.TestInvoker.invokeTestMethods(TestInvoker.java:200)
at org.testng.internal.invokers.TestMethodWorker.invokeTestMethods(TestMethodWorker.java:148)
at org.testng.internal.invokers.TestMethodWorker.run(TestMethodWorker.java:128)
at java.base/java.util.ArrayList.forEach(ArrayList.java:1511)
at org.testng.TestRunner.privateRun(TestRunner.java:848)
at org.testng.TestRunner.run(TestRunner.java:621)
at org.testng.SuiteRunner.runTest(SuiteRunner.java:443)
at org.testng.SuiteRunner.runSequentially(SuiteRunner.java:437)
at org.testng.SuiteRunner.privateRun(SuiteRunner.java:397)
at org.testng.SuiteRunner.run(SuiteRunner.java:336)
at org.testng.SuiteRunnerWorker.runSuite(SuiteRunnerWorker.java:52)
at org.testng.SuiteRunnerWorker.run(SuiteRunnerWorker.java:95)
at org.testng.TestNG.runSuitesSequentially(TestNG.java:1280)
at org.testng.TestNG.runSuitesLocally(TestNG.java:1200)
at org.testng.TestNG.runSuites(TestNG.java:1114)
at org.testng.TestNG.run(TestNG.java:1082)
at org.testng.remote.AbstractRemoteTestNG.run(AbstractRemoteTestNG.java:115)
at org.testng.remote.RemoteTestNG.initAndRun(RemoteTestNG.java:251)
at org.testng.remote.RemoteTestNG.main(RemoteTestNG.java:77)
]]>
            </full-stacktrace>
          </exception> <!-- org.openqa.selenium.NoSuchElementException -->
          <reporter-output>
          </reporter-output>
        </test-method> <!-- ChangeYourPassword -->
        <test-method is-config="true" signature="Teardown()[pri:0, instance:qualiwebautopro.Loginscript@3ce1e309]" started-at="2023-12-02T11:01:35 IST" name="Teardown" finished-at="2023-12-02T11:01:35 IST" duration-ms="215" status="PASS">
          <reporter-output>
          </reporter-output>
        </test-method> <!-- Teardown -->
        <test-method is-config="true" signature="generateStatus(java.lang.reflect.Method,org.testng.ITestResult)[pri:0, instance:qualiwebautopro.Loginscript@3ce1e309]" started-at="2023-12-02T11:01:35 IST" name="generateStatus" finished-at="2023-12-02T11:01:35 IST" duration-ms="5" status="PASS">
          <params>
            <param index="0">
              <value>
                <![CDATA[public void qualiwebautopro.Loginscript.ChangeYourPassword()]]>
              </value>
            </param>
            <param index="1">
              <value>
                <![CDATA[[TestResult name=ChangeYourPassword status=FAILURE method=Loginscript.ChangeYourPassword()[pri:6, instance:qualiwebautopro.Loginscript@3ce1e309] output={null}]]]>
              </value>
            </param>
          </params>
          <reporter-output>
          </reporter-output>
        </test-method> <!-- generateStatus -->
        <test-method is-config="true" signature="setUp()[pri:0, instance:qualiwebautopro.Loginscript@3ce1e309]" started-at="2023-12-02T11:01:35 IST" name="setUp" finished-at="2023-12-02T11:01:41 IST" duration-ms="5661" status="PASS">
          <reporter-output>
          </reporter-output>
        </test-method> <!-- setUp -->
        <test-method signature="SearchIphoneAndAddToWishList()[pri:7, instance:qualiwebautopro.Loginscript@3ce1e309]" started-at="2023-12-02T11:01:41 IST" name="SearchIphoneAndAddToWishList" finished-at="2023-12-02T11:01:44 IST" duration-ms="3282" status="PASS">
          <reporter-output>
          </reporter-output>
        </test-method> <!-- SearchIphoneAndAddToWishList -->
        <test-method is-config="true" signature="Teardown()[pri:0, instance:qualiwebautopro.Loginscript@3ce1e309]" started-at="2023-12-02T11:01:44 IST" name="Teardown" finished-at="2023-12-02T11:01:44 IST" duration-ms="215" status="PASS">
          <reporter-output>
          </reporter-output>
        </test-method> <!-- Teardown -->
        <test-method is-config="true" signature="generateStatus(java.lang.reflect.Method,org.testng.ITestResult)[pri:0, instance:qualiwebautopro.Loginscript@3ce1e309]" started-at="2023-12-02T11:01:44 IST" name="generateStatus" finished-at="2023-12-02T11:01:44 IST" duration-ms="1" status="PASS">
          <params>
            <param index="0">
              <value>
                <![CDATA[public void qualiwebautopro.Loginscript.SearchIphoneAndAddToWishList() throws java.lang.InterruptedException]]>
              </value>
            </param>
            <param index="1">
              <value>
                <![CDATA[[TestResult name=SearchIphoneAndAddToWishList status=SUCCESS method=Loginscript.SearchIphoneAndAddToWishList()[pri:7, instance:qualiwebautopro.Loginscript@3ce1e309] output={null}]]]>
              </value>
            </param>
          </params>
          <reporter-output>
          </reporter-output>
        </test-method> <!-- generateStatus -->
        <test-method is-config="true" signature="generateReports()[pri:0, instance:qualiwebautopro.Loginscript@3ce1e309]" started-at="2023-12-02T11:01:44 IST" name="generateReports" finished-at="2023-12-02T11:01:45 IST" duration-ms="993" status="PASS">
          <reporter-output>
          </reporter-output>
        </test-method> <!-- generateReports -->
      </class> <!-- qualiwebautopro.Loginscript -->
    </test> <!-- Default test -->
  </suite> <!-- Default suite -->
</testng-results>
